[debug] [2025-01-12T07:16:04.516Z] ----------------------------------------------------------------------
[debug] [2025-01-12T07:16:04.518Z] Command:       C:\Users\Danny\.nvm\versions\node\v20.10.0\bin\node.exe C:\Users\Danny\.nvm\versions\node\v20.10.0\bin\node_modules\firebase-tools\lib\bin\firebase.js init
[debug] [2025-01-12T07:16:04.518Z] CLI Version:   13.29.1
[debug] [2025-01-12T07:16:04.519Z] Platform:      win32
[debug] [2025-01-12T07:16:04.519Z] Node Version:  v20.10.0
[debug] [2025-01-12T07:16:04.519Z] Time:          Sun Jan 12 2025 02:16:04 GMT-0500 (Colombia Standard Time)
[debug] [2025-01-12T07:16:04.519Z] ----------------------------------------------------------------------
[debug] 
[debug] [2025-01-12T07:16:04.522Z] >>> [apiv2][query] GET https://firebase-public.firebaseio.com/cli.json [none]
[debug] [2025-01-12T07:16:04.564Z] > command requires scopes: ["email","openid","https://www.googleapis.com/auth/cloudplatformprojects.readonly","https://www.googleapis.com/auth/firebase","https://www.googleapis.com/auth/cloud-platform"]
[debug] [2025-01-12T07:16:04.565Z] > authorizing via signed-in user (d.tapialopez1@gmail.com)
[info] 
     ######## #### ########  ######## ########     ###     ######  ########
     ##        ##  ##     ## ##       ##     ##  ##   ##  ##       ##
     ######    ##  ########  ######   ########  #########  ######  ######
     ##        ##  ##    ##  ##       ##     ## ##     ##       ## ##
     ##       #### ##     ## ######## ########  ##     ##  ######  ########

You're about to initialize a Firebase project in this directory:

  D:\RAIZ\Proyectos EN CURSO\Atom\Backend

[debug] [2025-01-12T07:16:04.830Z] <<< [apiv2][status] GET https://firebase-public.firebaseio.com/cli.json 200
[debug] [2025-01-12T07:16:04.830Z] <<< [apiv2][body] GET https://firebase-public.firebaseio.com/cli.json {"cloudBuildErrorAfter":1594252800000,"cloudBuildWarnAfter":1590019200000,"defaultNode10After":1594252800000,"minVersion":"3.0.5","node8DeploysDisabledAfter":1613390400000,"node8RuntimeDisabledAfter":1615809600000,"node8WarnAfter":1600128000000}
[info] 
=== Project Setup
[info] 
[info] First, let's associate this project directory with a Firebase project.
[info] You can create multiple project aliases by running firebase use --add, 
[info] but for now we'll just set up a default project.
[info] 
[debug] [2025-01-12T07:16:40.605Z] Checked if tokens are valid: false, expires at: 1627026229441
[debug] [2025-01-12T07:16:40.606Z] Checked if tokens are valid: false, expires at: 1627026229441
[debug] [2025-01-12T07:16:40.606Z] > refreshing access token with scopes: []
[debug] [2025-01-12T07:16:40.607Z] >>> [apiv2][query] POST https://www.googleapis.com/oauth2/v3/token [none]
[debug] [2025-01-12T07:16:40.607Z] >>> [apiv2][body] POST https://www.googleapis.com/oauth2/v3/token [omitted]
[debug] [2025-01-12T07:16:40.835Z] <<< [apiv2][status] POST https://www.googleapis.com/oauth2/v3/token 400
[debug] [2025-01-12T07:16:40.835Z] <<< [apiv2][body] POST https://www.googleapis.com/oauth2/v3/token [omitted]
[debug] [2025-01-12T07:16:40.836Z] >>> [apiv2][query] GET https://firebase.googleapis.com/v1beta1/projects pageSize=100
[debug] [2025-01-12T07:16:41.099Z] <<< [apiv2][status] GET https://firebase.googleapis.com/v1beta1/projects 401
[debug] [2025-01-12T07:16:41.099Z] <<< [apiv2][body] GET https://firebase.googleapis.com/v1beta1/projects [omitted]
[debug] [2025-01-12T07:16:41.099Z] Got a 401 Unauthenticated error for a call that required authentication. Refreshing tokens.
[debug] [2025-01-12T07:16:41.099Z] Checked if tokens are valid: false, expires at: 1627026229441
[debug] [2025-01-12T07:16:41.099Z] Checked if tokens are valid: false, expires at: 1627026229441
[debug] [2025-01-12T07:16:41.099Z] > refreshing access token with scopes: []
[debug] [2025-01-12T07:16:41.100Z] >>> [apiv2][query] POST https://www.googleapis.com/oauth2/v3/token [none]
[debug] [2025-01-12T07:16:41.100Z] >>> [apiv2][body] POST https://www.googleapis.com/oauth2/v3/token [omitted]
[debug] [2025-01-12T07:16:41.204Z] <<< [apiv2][status] POST https://www.googleapis.com/oauth2/v3/token 400
[debug] [2025-01-12T07:16:41.204Z] <<< [apiv2][body] POST https://www.googleapis.com/oauth2/v3/token [omitted]
[debug] [2025-01-12T07:16:41.205Z] Request to https://firebase.googleapis.com/v1beta1/projects?pageSize=100 had HTTP Error: 401, Request had invalid authentication credentials. Expected OAuth 2 access token, login cookie or other valid authentication credential. See https://developers.google.com/identity/sign-in/web/devconsole-project.
[debug] [2025-01-12T07:16:41.392Z] FirebaseError: Request to https://firebase.googleapis.com/v1beta1/projects?pageSize=100 had HTTP Error: 401, Request had invalid authentication credentials. Expected OAuth 2 access token, login cookie or other valid authentication credential. See https://developers.google.com/identity/sign-in/web/devconsole-project.
    at responseToError (C:\Users\Danny\.nvm\versions\node\v20.10.0\bin\node_modules\firebase-tools\lib\responseToError.js:52:12)
    at RetryOperation._fn (C:\Users\Danny\.nvm\versions\node\v20.10.0\bin\node_modules\firebase-tools\lib\apiv2.js:312:77)
    at process.processTicksAndRejections (node:internal/process/task_queues:95:5)
[error] 
[error] Error: Failed to list Firebase projects. See firebase-debug.log for more info.
